<?xml version="1.0" encoding="UTF-8"?>
<!-- Generated by org.testng.reporters.JUnitXMLReporter -->
<testsuite ignored="0" hostname="K501UB" failures="0" tests="10" name="Test" time="136.0" errors="0" timestamp="2023-11-06T21:55:44 ICT">
  <testcase classname="testCases.TC_001_AccountRegistrationTest" name="test_account_Registration" time="2.587"/>
  <testcase classname="testCases.TC_002_LoginTest" name="test_Login" time="2.21"/>
  <testcase classname="testCases.TC_003_LoginDataDrivenTest" name="test_LoginDDT" time="11.225"/>
  <testcase classname="testCases.TC_003_LoginDataDrivenTest" name="test_LoginDDT" time="10.861"/>
  <testcase classname="testCases.TC_003_LoginDataDrivenTest" name="test_LoginDDT" time="10.895"/>
  <testcase classname="testCases.TC_003_LoginDataDrivenTest" name="test_LoginDDT" time="10.961"/>
  <testcase classname="testCases.TC_003_LoginDataDrivenTest" name="test_LoginDDT" time="2.021"/>
  <testcase classname="testCases.TC_004_SearchProductTest" name="test_pruductSearch" time="1.768"/>
  <testcase classname="testCases.TC_005_AddToCartPageTest" name="test_addToCart" time="2.744"/>
  <testcase classname="testCases.TC_006_EndToEndTest" name="endToendTest" time="58.9"/>
</testsuite> <!-- Test -->
