<?xml version="1.0" encoding="UTF-8"?>
<!-- Generated by org.testng.reporters.JUnitXMLReporter -->
<testsuite ignored="0" hostname="K501UB" failures="0" tests="7" name="Test" time="68.762" errors="0" timestamp="2023-11-05T23:44:13 ICT">
  <testcase classname="testCases.TC_001_AccountRegistrationTest" name="test_account_Registration" time="2.821"/>
  <testcase classname="testCases.TC_002_LoginTest" name="test_Login" time="1.963"/>
  <testcase classname="testCases.TC_003_LoginDataDrivenTest" name="test_LoginDDT" time="11.288"/>
  <testcase classname="testCases.TC_003_LoginDataDrivenTest" name="test_LoginDDT" time="10.952"/>
  <testcase classname="testCases.TC_003_LoginDataDrivenTest" name="test_LoginDDT" time="10.943"/>
  <testcase classname="testCases.TC_003_LoginDataDrivenTest" name="test_LoginDDT" time="11.054"/>
  <testcase classname="testCases.TC_003_LoginDataDrivenTest" name="test_LoginDDT" time="1.994"/>
</testsuite> <!-- Test -->
