<?xml version="1.0" encoding="UTF-8"?>
<testsuite xmlns:xsi="http://www.w3.org/2001/XMLSchema-instance" xsi:noNamespaceSchemaLocation="https://maven.apache.org/surefire/maven-surefire-plugin/xsd/surefire-test-report-3.0.xsd" version="3.0" name="TestSuite" time="137.559" tests="10" errors="0" skipped="0" failures="0">
  <properties>
[...]
</properties>
  <testcase name="test_account_Registration" classname="testCases.TC_001_AccountRegistrationTest" time="2.591">
    <system-err><![CDATA[SLF4J: Failed to load class "org.slf4j.impl.StaticLoggerBinder".
SLF4J: Defaulting to no-operation (NOP) logger implementation
SLF4J: See http://www.slf4j.org/codes.html#StaticLoggerBinder for further details.
thg 11 06, 2023 9:53:32 CH org.openqa.selenium.devtools.CdpVersionFinder findNearestMatch
WARNING: Unable to find an exact match for CDP version 119, returning the closest version; found: 118; Please update to a Selenium version that supports CDP version 119
]]></system-err>
  </testcase>
  <testcase name="test_Login" classname="testCases.TC_002_LoginTest" time="2.212">
    <system-err><![CDATA[thg 11 06, 2023 9:53:37 CH org.openqa.selenium.devtools.CdpVersionFinder findNearestMatch
WARNING: Unable to find an exact match for CDP version 119, returning the closest version; found: 118; Please update to a Selenium version that supports CDP version 119
]]></system-err>
  </testcase>
  <testcase name="test_LoginDDT[invalid1@gmail.com, test@123, Invalid](1)" classname="testCases.TC_003_LoginDataDrivenTest" time="11.224">
    <system-err><![CDATA[thg 11 06, 2023 9:53:42 CH org.openqa.selenium.devtools.CdpVersionFinder findNearestMatch
WARNING: Unable to find an exact match for CDP version 119, returning the closest version; found: 118; Please update to a Selenium version that supports CDP version 119
]]></system-err>
  </testcase>
  <testcase name="test_LoginDDT[hcm@gmail.com, 4rfsfhg, Invalid](2)" classname="testCases.TC_003_LoginDataDrivenTest" time="10.861"/>
  <testcase name="test_LoginDDT[hn@hotmail.com, 54dgsd, Invalid](3)" classname="testCases.TC_003_LoginDataDrivenTest" time="10.896"/>
  <testcase name="test_LoginDDT[viet@yahoo.com, xdsgsdy, Invalid](4)" classname="testCases.TC_003_LoginDataDrivenTest" time="10.961"/>
  <testcase name="test_LoginDDT[admin@gmail.com, qwerty123, Valid](5)" classname="testCases.TC_003_LoginDataDrivenTest" time="2.022"/>
  <testcase name="test_pruductSearch" classname="testCases.TC_004_SearchProductTest" time="1.768">
    <system-err><![CDATA[thg 11 06, 2023 9:54:33 CH org.openqa.selenium.devtools.CdpVersionFinder findNearestMatch
WARNING: Unable to find an exact match for CDP version 119, returning the closest version; found: 118; Please update to a Selenium version that supports CDP version 119
]]></system-err>
  </testcase>
  <testcase name="test_addToCart" classname="testCases.TC_005_AddToCartPageTest" time="2.743">
    <system-err><![CDATA[thg 11 06, 2023 9:54:38 CH org.openqa.selenium.devtools.CdpVersionFinder findNearestMatch
WARNING: Unable to find an exact match for CDP version 119, returning the closest version; found: 118; Please update to a Selenium version that supports CDP version 119
]]></system-err>
  </testcase>
  <testcase name="endToendTest" classname="testCases.TC_006_EndToEndTest" time="58.887">
    <system-out><![CDATA[Your Account Has Been Created!
Going to My Account Page? true
Added product to cart ? true
total price is shopping cart: $246.40
total price in confirmed order page:$207.00
Is Order Placed? true
]]></system-out>
    <system-err><![CDATA[thg 11 06, 2023 9:54:43 CH org.openqa.selenium.devtools.CdpVersionFinder findNearestMatch
WARNING: Unable to find an exact match for CDP version 119, returning the closest version; found: 118; Please update to a Selenium version that supports CDP version 119
]]></system-err>
  </testcase>
</testsuite>