<?xml version="1.0" encoding="UTF-8"?>
<testng-results ignored="0" total="10" passed="10" failed="0" skipped="0">
  <reporter-output>
  </reporter-output>
  <suite started-at="2023-11-07T21:42:08 ICT" name="Suite" finished-at="2023-11-07T21:44:26 ICT" duration-ms="137917">
    <groups>
      <group name="Master">
        <method signature="TC_001_AccountRegistrationTest.test_account_Registration()[pri:0, instance:testCases.TC_001_AccountRegistrationTest@15ff3e9e]" name="test_account_Registration" class="testCases.TC_001_AccountRegistrationTest"/>
        <method signature="TC_002_LoginTest.test_Login()[pri:0, instance:testCases.TC_002_LoginTest@6aba2b86]" name="test_Login" class="testCases.TC_002_LoginTest"/>
      </group> <!-- Master -->
      <group name="Sanity">
        <method signature="TC_002_LoginTest.test_Login()[pri:0, instance:testCases.TC_002_LoginTest@6aba2b86]" name="test_Login" class="testCases.TC_002_LoginTest"/>
        <method signature="TC_004_SearchProductTest.test_pruductSearch()[pri:0, instance:testCases.TC_004_SearchProductTest@47af7f3d]" name="test_pruductSearch" class="testCases.TC_004_SearchProductTest"/>
        <method signature="TC_005_AddToCartPageTest.test_addToCart()[pri:0, instance:testCases.TC_005_AddToCartPageTest@661972b0]" name="test_addToCart" class="testCases.TC_005_AddToCartPageTest"/>
      </group> <!-- Sanity -->
      <group name="Regression">
        <method signature="TC_001_AccountRegistrationTest.test_account_Registration()[pri:0, instance:testCases.TC_001_AccountRegistrationTest@15ff3e9e]" name="test_account_Registration" class="testCases.TC_001_AccountRegistrationTest"/>
        <method signature="TC_003_LoginDataDrivenTest.test_LoginDDT(java.lang.String,java.lang.String,java.lang.String)[pri:0, instance:testCases.TC_003_LoginDataDrivenTest@158da8e]" name="test_LoginDDT" class="testCases.TC_003_LoginDataDrivenTest"/>
        <method signature="TC_006_EndToEndTest.endToendTest()[pri:0, instance:testCases.TC_006_EndToEndTest@5af3afd9]" name="endToendTest" class="testCases.TC_006_EndToEndTest"/>
      </group> <!-- Regression -->
    </groups>
    <test started-at="2023-11-07T21:42:08 ICT" name="Test" finished-at="2023-11-07T21:44:26 ICT" duration-ms="137917">
      <class name="testCases.TC_001_AccountRegistrationTest">
        <test-method is-config="true" signature="setup(java.lang.String)[pri:0, instance:testCases.TC_001_AccountRegistrationTest@15ff3e9e]" started-at="2023-11-07T21:42:08 ICT" name="setup" finished-at="2023-11-07T21:42:14 ICT" duration-ms="6191" status="PASS">
          <params>
            <param index="0">
              <value>
                <![CDATA[chrome]]>
              </value>
            </param>
          </params>
          <reporter-output>
          </reporter-output>
        </test-method> <!-- setup -->
        <test-method signature="test_account_Registration()[pri:0, instance:testCases.TC_001_AccountRegistrationTest@15ff3e9e]" started-at="2023-11-07T21:42:14 ICT" name="test_account_Registration" finished-at="2023-11-07T21:42:17 ICT" duration-ms="2527" status="PASS">
          <reporter-output>
          </reporter-output>
        </test-method> <!-- test_account_Registration -->
        <test-method is-config="true" signature="tearDown()[pri:0, instance:testCases.TC_001_AccountRegistrationTest@15ff3e9e]" started-at="2023-11-07T21:42:17 ICT" name="tearDown" finished-at="2023-11-07T21:42:17 ICT" duration-ms="295" status="PASS">
          <reporter-output>
          </reporter-output>
        </test-method> <!-- tearDown -->
      </class> <!-- testCases.TC_001_AccountRegistrationTest -->
      <class name="testCases.TC_002_LoginTest">
        <test-method is-config="true" signature="setup(java.lang.String)[pri:0, instance:testCases.TC_002_LoginTest@6aba2b86]" started-at="2023-11-07T21:42:17 ICT" name="setup" finished-at="2023-11-07T21:42:20 ICT" duration-ms="2304" status="PASS">
          <params>
            <param index="0">
              <value>
                <![CDATA[chrome]]>
              </value>
            </param>
          </params>
          <reporter-output>
          </reporter-output>
        </test-method> <!-- setup -->
        <test-method signature="test_Login()[pri:0, instance:testCases.TC_002_LoginTest@6aba2b86]" started-at="2023-11-07T21:42:20 ICT" name="test_Login" finished-at="2023-11-07T21:42:22 ICT" duration-ms="2023" status="PASS">
          <reporter-output>
          </reporter-output>
        </test-method> <!-- test_Login -->
        <test-method is-config="true" signature="tearDown()[pri:0, instance:testCases.TC_002_LoginTest@6aba2b86]" started-at="2023-11-07T21:42:22 ICT" name="tearDown" finished-at="2023-11-07T21:42:22 ICT" duration-ms="262" status="PASS">
          <reporter-output>
          </reporter-output>
        </test-method> <!-- tearDown -->
      </class> <!-- testCases.TC_002_LoginTest -->
      <class name="testCases.TC_005_AddToCartPageTest">
        <test-method is-config="true" signature="setup(java.lang.String)[pri:0, instance:testCases.TC_005_AddToCartPageTest@661972b0]" started-at="2023-11-07T21:43:19 ICT" name="setup" finished-at="2023-11-07T21:43:21 ICT" duration-ms="2277" status="PASS">
          <params>
            <param index="0">
              <value>
                <![CDATA[chrome]]>
              </value>
            </param>
          </params>
          <reporter-output>
          </reporter-output>
        </test-method> <!-- setup -->
        <test-method signature="test_addToCart()[pri:0, instance:testCases.TC_005_AddToCartPageTest@661972b0]" started-at="2023-11-07T21:43:21 ICT" name="test_addToCart" finished-at="2023-11-07T21:43:24 ICT" duration-ms="3413" status="PASS">
          <reporter-output>
          </reporter-output>
        </test-method> <!-- test_addToCart -->
        <test-method is-config="true" signature="tearDown()[pri:0, instance:testCases.TC_005_AddToCartPageTest@661972b0]" started-at="2023-11-07T21:43:24 ICT" name="tearDown" finished-at="2023-11-07T21:43:25 ICT" duration-ms="297" status="PASS">
          <reporter-output>
          </reporter-output>
        </test-method> <!-- tearDown -->
      </class> <!-- testCases.TC_005_AddToCartPageTest -->
      <class name="testCases.TC_004_SearchProductTest">
        <test-method is-config="true" signature="setup(java.lang.String)[pri:0, instance:testCases.TC_004_SearchProductTest@47af7f3d]" started-at="2023-11-07T21:43:14 ICT" name="setup" finished-at="2023-11-07T21:43:16 ICT" duration-ms="2436" status="PASS">
          <params>
            <param index="0">
              <value>
                <![CDATA[chrome]]>
              </value>
            </param>
          </params>
          <reporter-output>
          </reporter-output>
        </test-method> <!-- setup -->
        <test-method signature="test_pruductSearch()[pri:0, instance:testCases.TC_004_SearchProductTest@47af7f3d]" started-at="2023-11-07T21:43:16 ICT" name="test_pruductSearch" finished-at="2023-11-07T21:43:18 ICT" duration-ms="1783" status="PASS">
          <reporter-output>
          </reporter-output>
        </test-method> <!-- test_pruductSearch -->
        <test-method is-config="true" signature="tearDown()[pri:0, instance:testCases.TC_004_SearchProductTest@47af7f3d]" started-at="2023-11-07T21:43:18 ICT" name="tearDown" finished-at="2023-11-07T21:43:19 ICT" duration-ms="256" status="PASS">
          <reporter-output>
          </reporter-output>
        </test-method> <!-- tearDown -->
      </class> <!-- testCases.TC_004_SearchProductTest -->
      <class name="testCases.TC_006_EndToEndTest">
        <test-method is-config="true" signature="setup(java.lang.String)[pri:0, instance:testCases.TC_006_EndToEndTest@5af3afd9]" started-at="2023-11-07T21:43:25 ICT" name="setup" finished-at="2023-11-07T21:43:27 ICT" duration-ms="2325" status="PASS">
          <params>
            <param index="0">
              <value>
                <![CDATA[chrome]]>
              </value>
            </param>
          </params>
          <reporter-output>
          </reporter-output>
        </test-method> <!-- setup -->
        <test-method signature="endToendTest()[pri:0, instance:testCases.TC_006_EndToEndTest@5af3afd9]" started-at="2023-11-07T21:43:27 ICT" name="endToendTest" finished-at="2023-11-07T21:44:25 ICT" duration-ms="58522" status="PASS">
          <reporter-output>
          </reporter-output>
        </test-method> <!-- endToendTest -->
        <test-method is-config="true" signature="tearDown()[pri:0, instance:testCases.TC_006_EndToEndTest@5af3afd9]" started-at="2023-11-07T21:44:25 ICT" name="tearDown" finished-at="2023-11-07T21:44:26 ICT" duration-ms="300" status="PASS">
          <reporter-output>
          </reporter-output>
        </test-method> <!-- tearDown -->
      </class> <!-- testCases.TC_006_EndToEndTest -->
      <class name="testCases.TC_003_LoginDataDrivenTest">
        <test-method is-config="true" signature="setup(java.lang.String)[pri:0, instance:testCases.TC_003_LoginDataDrivenTest@158da8e]" started-at="2023-11-07T21:42:22 ICT" name="setup" finished-at="2023-11-07T21:42:24 ICT" duration-ms="2380" status="PASS">
          <params>
            <param index="0">
              <value>
                <![CDATA[chrome]]>
              </value>
            </param>
          </params>
          <reporter-output>
          </reporter-output>
        </test-method> <!-- setup -->
        <test-method signature="test_LoginDDT(java.lang.String,java.lang.String,java.lang.String)[pri:0, instance:testCases.TC_003_LoginDataDrivenTest@158da8e]" started-at="2023-11-07T21:42:27 ICT" name="test_LoginDDT" data-provider="LoginData" finished-at="2023-11-07T21:42:39 ICT" duration-ms="12490" status="PASS">
          <params>
            <param index="0">
              <value>
                <![CDATA[invalid1@gmail.com]]>
              </value>
            </param>
            <param index="1">
              <value>
                <![CDATA[test@123]]>
              </value>
            </param>
            <param index="2">
              <value>
                <![CDATA[Invalid]]>
              </value>
            </param>
          </params>
          <reporter-output>
          </reporter-output>
        </test-method> <!-- test_LoginDDT -->
        <test-method signature="test_LoginDDT(java.lang.String,java.lang.String,java.lang.String)[pri:0, instance:testCases.TC_003_LoginDataDrivenTest@158da8e]" started-at="2023-11-07T21:42:39 ICT" name="test_LoginDDT" data-provider="LoginData" finished-at="2023-11-07T21:42:50 ICT" duration-ms="10970" status="PASS">
          <params>
            <param index="0">
              <value>
                <![CDATA[hcm@gmail.com]]>
              </value>
            </param>
            <param index="1">
              <value>
                <![CDATA[4rfsfhg]]>
              </value>
            </param>
            <param index="2">
              <value>
                <![CDATA[Invalid]]>
              </value>
            </param>
          </params>
          <reporter-output>
          </reporter-output>
        </test-method> <!-- test_LoginDDT -->
        <test-method signature="test_LoginDDT(java.lang.String,java.lang.String,java.lang.String)[pri:0, instance:testCases.TC_003_LoginDataDrivenTest@158da8e]" started-at="2023-11-07T21:42:50 ICT" name="test_LoginDDT" data-provider="LoginData" finished-at="2023-11-07T21:43:01 ICT" duration-ms="10960" status="PASS">
          <params>
            <param index="0">
              <value>
                <![CDATA[hn@hotmail.com]]>
              </value>
            </param>
            <param index="1">
              <value>
                <![CDATA[54dgsd]]>
              </value>
            </param>
            <param index="2">
              <value>
                <![CDATA[Invalid]]>
              </value>
            </param>
          </params>
          <reporter-output>
          </reporter-output>
        </test-method> <!-- test_LoginDDT -->
        <test-method signature="test_LoginDDT(java.lang.String,java.lang.String,java.lang.String)[pri:0, instance:testCases.TC_003_LoginDataDrivenTest@158da8e]" started-at="2023-11-07T21:43:01 ICT" name="test_LoginDDT" data-provider="LoginData" finished-at="2023-11-07T21:43:12 ICT" duration-ms="10890" status="PASS">
          <params>
            <param index="0">
              <value>
                <![CDATA[viet@yahoo.com]]>
              </value>
            </param>
            <param index="1">
              <value>
                <![CDATA[xdsgsdy]]>
              </value>
            </param>
            <param index="2">
              <value>
                <![CDATA[Invalid]]>
              </value>
            </param>
          </params>
          <reporter-output>
          </reporter-output>
        </test-method> <!-- test_LoginDDT -->
        <test-method signature="test_LoginDDT(java.lang.String,java.lang.String,java.lang.String)[pri:0, instance:testCases.TC_003_LoginDataDrivenTest@158da8e]" started-at="2023-11-07T21:43:12 ICT" name="test_LoginDDT" data-provider="LoginData" finished-at="2023-11-07T21:43:14 ICT" duration-ms="1890" status="PASS">
          <params>
            <param index="0">
              <value>
                <![CDATA[admin@gmail.com]]>
              </value>
            </param>
            <param index="1">
              <value>
                <![CDATA[qwerty123]]>
              </value>
            </param>
            <param index="2">
              <value>
                <![CDATA[Valid]]>
              </value>
            </param>
          </params>
          <reporter-output>
          </reporter-output>
        </test-method> <!-- test_LoginDDT -->
        <test-method is-config="true" signature="tearDown()[pri:0, instance:testCases.TC_003_LoginDataDrivenTest@158da8e]" started-at="2023-11-07T21:43:14 ICT" name="tearDown" finished-at="2023-11-07T21:43:14 ICT" duration-ms="317" status="PASS">
          <reporter-output>
          </reporter-output>
        </test-method> <!-- tearDown -->
      </class> <!-- testCases.TC_003_LoginDataDrivenTest -->
    </test> <!-- Test -->
  </suite> <!-- Suite -->
</testng-results>
