<?xml version="1.0" encoding="UTF-8"?>
<testng-results ignored="0" total="1" passed="1" failed="0" skipped="0">
  <reporter-output>
  </reporter-output>
  <suite started-at="2023-11-06T21:45:57 ICT" name="Suite" finished-at="2023-11-06T21:47:01 ICT" duration-ms="64666">
    <groups>
    </groups>
    <test started-at="2023-11-06T21:45:57 ICT" name="Test" finished-at="2023-11-06T21:47:01 ICT" duration-ms="64666">
      <class name="testCases.TC_006_EndToEndTest">
        <test-method is-config="true" signature="setup(java.lang.String)[pri:0, instance:testCases.TC_006_EndToEndTest@44ebcd03]" started-at="2023-11-06T21:45:57 ICT" name="setup" finished-at="2023-11-06T21:46:02 ICT" duration-ms="4613" status="PASS">
          <params>
            <param index="0">
              <value>
                <![CDATA[chrome]]>
              </value>
            </param>
          </params>
          <reporter-output>
          </reporter-output>
        </test-method> <!-- setup -->
        <test-method signature="endToendTest()[pri:0, instance:testCases.TC_006_EndToEndTest@44ebcd03]" started-at="2023-11-06T21:46:02 ICT" name="endToendTest" finished-at="2023-11-06T21:47:01 ICT" duration-ms="59498" status="PASS">
          <reporter-output>
          </reporter-output>
        </test-method> <!-- endToendTest -->
      </class> <!-- testCases.TC_006_EndToEndTest -->
    </test> <!-- Test -->
  </suite> <!-- Suite -->
</testng-results>
